[0m14:58:01.824462 [debug] [MainThread]: Sending event: {'category': 'dbt', 'action': 'invocation', 'label': 'start', 'context': [<snowplow_tracker.self_describing_json.SelfDescribingJson object at 0x000001FE78814080>, <snowplow_tracker.self_describing_json.SelfDescribingJson object at 0x000001FE7ADE2690>, <snowplow_tracker.self_describing_json.SelfDescribingJson object at 0x000001FE7AE37CB0>]}


============================== 14:58:01.948334 | d4c2467b-7f20-4da2-8e00-5538e17f2775 ==============================
[0m14:58:01.948334 [info ] [MainThread]: Running with dbt=1.11.7
[0m14:58:01.949372 [debug] [MainThread]: running dbt with arguments {'version_check': 'True', 'no_print': 'None', 'static_parser': 'True', 'target_path': 'None', 'warn_error_options': 'WarnErrorOptionsV2(error=[], warn=[], silence=[])', 'printer_width': '80', 'write_json': 'True', 'empty': 'None', 'log_cache_events': 'False', 'introspect': 'True', 'cache_selected_only': 'False', 'fail_fast': 'False', 'debug': 'False', 'log_format': 'default', 'profiles_dir': 'C:\\Users\\verno\\.dbt', 'send_anonymous_usage_stats': 'True', 'quiet': 'False', 'warn_error': 'None', 'partial_parse': 'True', 'invocation_command': 'dbt init', 'use_colors': 'True', 'indirect_selection': 'eager', 'use_experimental_parser': 'False', 'log_path': 'logs'}
[0m14:58:46.383963 [debug] [MainThread]: Starter project path: C:\Users\verno\OneDrive\Desktop\AIRBNB_PROJECT\.venv\Lib\site-packages\dbt\include\starter_project
[0m14:58:46.456672 [info ] [MainThread]: 
Your new dbt project "airbnb_project_dbt_snowflake" was created!

For more information on how to configure the profiles.yml file,
please consult the dbt documentation here:

  https://docs.getdbt.com/docs/configure-your-profile

One more thing:

Need help? Don't hesitate to reach out to us via GitHub issues or on Slack:

  https://community.getdbt.com/

Happy modeling!

[0m14:58:46.460939 [info ] [MainThread]: Setting up your profile.
[0m14:58:52.941409 [debug] [MainThread]: Snowflake adapter: Setting snowflake.connector to ERROR (file logging only)
[0m14:58:52.942944 [debug] [MainThread]: Snowflake adapter: Setting botocore to ERROR (file logging only)
[0m14:58:52.944032 [debug] [MainThread]: Snowflake adapter: Setting boto3 to ERROR (file logging only)
[0m15:00:22.020443 [info ] [MainThread]: Profile airbnb_project_dbt_snowflake written to C:\Users\verno\.dbt\profiles.yml using target's profile_template.yml and your supplied values. Run 'dbt debug' to validate the connection.
[0m15:00:22.024978 [debug] [MainThread]: Command `dbt init` succeeded at 15:00:22.023980 after 140.57 seconds
[0m15:00:22.026117 [debug] [MainThread]: Sending event: {'category': 'dbt', 'action': 'invocation', 'label': 'end', 'context': [<snowplow_tracker.self_describing_json.SelfDescribingJson object at 0x000001FE7EB0E960>, <snowplow_tracker.self_describing_json.SelfDescribingJson object at 0x000001FE7EB0F8C0>, <snowplow_tracker.self_describing_json.SelfDescribingJson object at 0x000001FE7CD99AC0>]}
[0m15:00:22.027732 [debug] [MainThread]: Flushing usage events
[0m15:00:24.313464 [debug] [MainThread]: An error was encountered while trying to flush usage events
